The system is: Windows - 10.0.18363 - AMD64
Compiling the C compiler identification source file "CMakeCCompilerId.c" succeeded.
Compiler: C:/Program Files (x86)/Microsoft Visual Studio/2019/Enterprise/VC/Tools/MSVC/14.26.28801/bin/HostX64/x64/cl.exe 
Build flags: 
Id flags:  

The output was:
0
Microsoft (R) C/C++ Optimizing Compiler Version 19.26.28806 for x64
Copyright (C) Microsoft Corporation.  All rights reserved.

CMakeCCompilerId.c
Microsoft (R) Incremental Linker Version 14.26.28806.0
Copyright (C) Microsoft Corporation.  All rights reserved.

/out:CMakeCCompilerId.exe 
CMakeCCompilerId.obj 


Compilation of the C compiler identification source "CMakeCCompilerId.c" produced "CMakeCCompilerId.exe"

Compilation of the C compiler identification source "CMakeCCompilerId.c" produced "CMakeCCompilerId.obj"

The C compiler identification is MSVC, found in "C:/code/Firmware/ProfileManager/zlib-1.2.8/out/build/x64-Debug (default)/CMakeFiles/3.17.20032601-MSVC_2/CompilerIdC/CMakeCCompilerId.exe"

Determining if the C compiler works passed with the following output:
Change Dir: C:/code/Firmware/ProfileManager/zlib-1.2.8/out/build/x64-Debug (default)/CMakeFiles/CMakeTmp

Run Build Command(s):C:/Program Files (x86)/Microsoft Visual Studio/2019/Enterprise/Common7/IDE/CommonExtensions/Microsoft/CMake/Ninja/ninja.exe cmTC_46733 && [1/2] Building C object CMakeFiles\cmTC_46733.dir\testCCompiler.c.obj
[2/2] Linking C executable cmTC_46733.exe



Detecting C compiler ABI info compiled with the following output:
Change Dir: C:/code/Firmware/ProfileManager/zlib-1.2.8/out/build/x64-Debug (default)/CMakeFiles/CMakeTmp

Run Build Command(s):C:/Program Files (x86)/Microsoft Visual Studio/2019/Enterprise/Common7/IDE/CommonExtensions/Microsoft/CMake/Ninja/ninja.exe cmTC_99a42 && [1/2] Building C object CMakeFiles\cmTC_99a42.dir\CMakeCCompilerABI.c.obj
[2/2] Linking C executable cmTC_99a42.exe



Determining if the include file sys/types.h exists passed with the following output:
Change Dir: C:/code/Firmware/ProfileManager/zlib-1.2.8/out/build/x64-Debug (default)/CMakeFiles/CMakeTmp

Run Build Command(s):C:/Program Files (x86)/Microsoft Visual Studio/2019/Enterprise/Common7/IDE/CommonExtensions/Microsoft/CMake/Ninja/ninja.exe cmTC_710b0 && [1/2] Building C object CMakeFiles\cmTC_710b0.dir\CheckIncludeFile.c.obj
[2/2] Linking C executable cmTC_710b0.exe



Determining if the include file stdint.h exists passed with the following output:
Change Dir: C:/code/Firmware/ProfileManager/zlib-1.2.8/out/build/x64-Debug (default)/CMakeFiles/CMakeTmp

Run Build Command(s):C:/Program Files (x86)/Microsoft Visual Studio/2019/Enterprise/Common7/IDE/CommonExtensions/Microsoft/CMake/Ninja/ninja.exe cmTC_86c3a && [1/2] Building C object CMakeFiles\cmTC_86c3a.dir\CheckIncludeFile.c.obj
[2/2] Linking C executable cmTC_86c3a.exe



Determining if the include file stddef.h exists passed with the following output:
Change Dir: C:/code/Firmware/ProfileManager/zlib-1.2.8/out/build/x64-Debug (default)/CMakeFiles/CMakeTmp

Run Build Command(s):C:/Program Files (x86)/Microsoft Visual Studio/2019/Enterprise/Common7/IDE/CommonExtensions/Microsoft/CMake/Ninja/ninja.exe cmTC_7ddea && [1/2] Building C object CMakeFiles\cmTC_7ddea.dir\CheckIncludeFile.c.obj
[2/2] Linking C executable cmTC_7ddea.exe



